数据库连接检查失败: {
  code: 'ER_BAD_DB_ERROR',
  errno: 1049,
  message: "Unknown database 'huchenghe'"
}
模型查询失败: Error: Unknown database 'huchenghe'
    at PromisePool.execute (F:\Project\huchenghe\huchenghe-backend\node_modules\mysql2\lib\promise\pool.js:54:22)
    at F:\Project\huchenghe\huchenghe-backend\routes\modelRoutes.js:189:34
    at Layer.handleRequest (F:\Project\huchenghe\huchenghe-backend\node_modules\router\lib\layer.js:152:17)
    at next (F:\Project\huchenghe\huchenghe-backend\node_modules\router\lib\route.js:157:13)
    at Route.dispatch (F:\Project\huchenghe\huchenghe-backend\node_modules\router\lib\route.js:117:3)
    at handle (F:\Project\huchenghe\huchenghe-backend\node_modules\router\index.js:435:11)
    at Layer.handleRequest (F:\Project\huchenghe\huchenghe-backend\node_modules\router\lib\layer.js:152:17)
    at F:\Project\huchenghe\huchenghe-backend\node_modules\router\index.js:295:15
    at processParams (F:\Project\huchenghe\huchenghe-backend\node_modules\router\index.js:582:12)
    at next (F:\Project\huchenghe\huchenghe-backend\node_modules\router\index.js:291:5) {
  code: 'ER_BAD_DB_ERROR',
  errno: 1049,
  sql: undefined,
  sqlState: '42000',
  sqlMessage: "Unknown database 'huchenghe'"
}
获取用户列表失败: Error: Unknown database 'huchenghe'
    at PromisePool.query (F:\Project\huchenghe\huchenghe-backend\node_modules\mysql2\lib\promise\pool.js:36:22)
    at F:\Project\huchenghe\huchenghe-backend\routes\userRoutes.js:17:30
    at Layer.handleRequest (F:\Project\huchenghe\huchenghe-backend\node_modules\router\lib\layer.js:152:17)
    at next (F:\Project\huchenghe\huchenghe-backend\node_modules\router\lib\route.js:157:13)
    at Route.dispatch (F:\Project\huchenghe\huchenghe-backend\node_modules\router\lib\route.js:117:3)
    at handle (F:\Project\huchenghe\huchenghe-backend\node_modules\router\index.js:435:11)
    at Layer.handleRequest (F:\Project\huchenghe\huchenghe-backend\node_modules\router\lib\layer.js:152:17)
    at F:\Project\huchenghe\huchenghe-backend\node_modules\router\index.js:295:15
    at processParams (F:\Project\huchenghe\huchenghe-backend\node_modules\router\index.js:582:12)
    at next (F:\Project\huchenghe\huchenghe-backend\node_modules\router\index.js:291:5) {
  code: 'ER_BAD_DB_ERROR',
  errno: 1049,
  sql: undefined,
  sqlState: '42000',
  sqlMessage: "Unknown database 'huchenghe'"
}
模型查询失败: Error: Unknown database 'huchenghe'
    at PromisePool.execute (F:\Project\huchenghe\huchenghe-backend\node_modules\mysql2\lib\promise\pool.js:54:22)
    at F:\Project\huchenghe\huchenghe-backend\routes\modelRoutes.js:189:34
    at Layer.handleRequest (F:\Project\huchenghe\huchenghe-backend\node_modules\router\lib\layer.js:152:17)
    at next (F:\Project\huchenghe\huchenghe-backend\node_modules\router\lib\route.js:157:13)
    at Route.dispatch (F:\Project\huchenghe\huchenghe-backend\node_modules\router\lib\route.js:117:3)
    at handle (F:\Project\huchenghe\huchenghe-backend\node_modules\router\index.js:435:11)
    at Layer.handleRequest (F:\Project\huchenghe\huchenghe-backend\node_modules\router\lib\layer.js:152:17)
    at F:\Project\huchenghe\huchenghe-backend\node_modules\router\index.js:295:15
    at processParams (F:\Project\huchenghe\huchenghe-backend\node_modules\router\index.js:582:12)
    at next (F:\Project\huchenghe\huchenghe-backend\node_modules\router\index.js:291:5) {
  code: 'ER_BAD_DB_ERROR',
  errno: 1049,
  sql: undefined,
  sqlState: '42000',
  sqlMessage: "Unknown database 'huchenghe'"
}
获取用户列表失败: Error: Unknown database 'huchenghe'
    at PromisePool.query (F:\Project\huchenghe\huchenghe-backend\node_modules\mysql2\lib\promise\pool.js:36:22)
    at F:\Project\huchenghe\huchenghe-backend\routes\userRoutes.js:17:30
    at Layer.handleRequest (F:\Project\huchenghe\huchenghe-backend\node_modules\router\lib\layer.js:152:17)
    at next (F:\Project\huchenghe\huchenghe-backend\node_modules\router\lib\route.js:157:13)
    at Route.dispatch (F:\Project\huchenghe\huchenghe-backend\node_modules\router\lib\route.js:117:3)
    at handle (F:\Project\huchenghe\huchenghe-backend\node_modules\router\index.js:435:11)
    at Layer.handleRequest (F:\Project\huchenghe\huchenghe-backend\node_modules\router\lib\layer.js:152:17)
    at F:\Project\huchenghe\huchenghe-backend\node_modules\router\index.js:295:15
    at processParams (F:\Project\huchenghe\huchenghe-backend\node_modules\router\index.js:582:12)
    at next (F:\Project\huchenghe\huchenghe-backend\node_modules\router\index.js:291:5) {
  code: 'ER_BAD_DB_ERROR',
  errno: 1049,
  sql: undefined,
  sqlState: '42000',
  sqlMessage: "Unknown database 'huchenghe'"
}
